<?xml version="1.0" encoding="UTF-8"?>
<testsuite xmlns:xsi="http://www.w3.org/2001/XMLSchema-instance" xsi:noNamespaceSchemaLocation="https://maven.apache.org/surefire/maven-surefire-plugin/xsd/surefire-test-report.xsd" name="calculator.AppTest" time="0.025" tests="5" errors="0" skipped="0" failures="0">
  <properties>
[...]
</properties>
  <testcase name="testDivideByZero" classname="calculator.AppTest" time="0.001"/>
  <testcase name="testAdd" classname="calculator.AppTest" time="0.004"/>
  <testcase name="testSubtract" classname="calculator.AppTest" time="0"/>
  <testcase name="testDivide" classname="calculator.AppTest" time="0"/>
  <testcase name="testMultiply" classname="calculator.AppTest" time="0"/>
</testsuite>